<?xml version="1.0" encoding="UTF-8"?>
<!-- Generated by org.testng.reporters.JUnitXMLReporter -->
<testsuite hostname="Lincoln-PC" ignored="0" name="Inventory Test" tests="8" failures="0" timestamp="16 Jul 2021 19:00:36 GMT" time="35.228" errors="0">
  <testcase name="addAndRemoveMultipleProductFromInventoryTest" time="6.926" classname="Tests.InventoryTests"/>
  <testcase name="addAndRemoveOneProductFromInventoryTest" time="6.494" classname="Tests.InventoryTests"/>
  <testcase name="addMultipleProductsFromInventoryTest" time="1.286" classname="Tests.InventoryTests"/>
  <testcase name="addOneProductFromInventoryTest" time="0.953" classname="Tests.InventoryTests"/>
  <testcase name="inventoryTest" time="0.874" classname="Tests.InventoryTests"/>
  <testcase name="sortByAlphabeticDescendantTest" time="1.067" classname="Tests.InventoryTests"/>
  <testcase name="sortByPriceAscendantTest" time="1.15" classname="Tests.InventoryTests"/>
  <testcase name="sortByPriceDescendantTest" time="1.086" classname="Tests.InventoryTests"/>
</testsuite> <!-- Inventory Test -->
