<?xml version="1.0" encoding="UTF-8"?>
<!-- Generated by org.testng.reporters.JUnitXMLReporter -->
<testsuite hostname="Lincoln-PC" ignored="0" name="Login Test" tests="6" failures="0" timestamp="16 Jul 2021 19:00:51 GMT" time="14.737" errors="0">
  <testcase name="emptyPasswordTest" time="0.621" classname="Tests.LoginTests"/>
  <testcase name="emptyUsernameTest" time="0.603" classname="Tests.LoginTests"/>
  <testcase name="invalidLoginTest" time="0.65" classname="Tests.LoginTests"/>
  <testcase name="validLoginTest" time="0.648" classname="Tests.LoginTests"/>
  <testcase name="wrongPasswordTest" time="0.639" classname="Tests.LoginTests"/>
  <testcase name="wrongUsernameTest" time="0.633" classname="Tests.LoginTests"/>
</testsuite> <!-- Login Test -->
