<?xml version="1.0" encoding="UTF-8"?>
<!-- Generated by org.testng.reporters.JUnitXMLReporter -->
<testsuite hostname="Lincoln-PC" ignored="0" name="Swag Labs Test" tests="23" failures="0" timestamp="17 Jul 2021 03:08:54 GMT" time="91.153" errors="0">
  <testcase name="emptyPasswordTest" time="0.86" classname="Tests.LoginTests"/>
  <testcase name="emptyUsernameTest" time="0.829" classname="Tests.LoginTests"/>
  <testcase name="invalidLoginTest" time="0.727" classname="Tests.LoginTests"/>
  <testcase name="validLoginTest" time="0.717" classname="Tests.LoginTests"/>
  <testcase name="wrongPasswordTest" time="0.683" classname="Tests.LoginTests"/>
  <testcase name="wrongUsernameTest" time="0.638" classname="Tests.LoginTests"/>
  <testcase name="addAndRemoveMultipleProductFromInventoryTest" time="6.732" classname="Tests.InventoryTests"/>
  <testcase name="addAndRemoveOneProductFromInventoryTest" time="6.452" classname="Tests.InventoryTests"/>
  <testcase name="addMultipleProductsFromInventoryTest" time="1.153" classname="Tests.InventoryTests"/>
  <testcase name="addOneProductFromInventoryTest" time="0.968" classname="Tests.InventoryTests"/>
  <testcase name="inventoryTest" time="0.81" classname="Tests.InventoryTests"/>
  <testcase name="sortByAlphabeticDescendantTest" time="1.026" classname="Tests.InventoryTests"/>
  <testcase name="sortByPriceAscendantTest" time="1.077" classname="Tests.InventoryTests"/>
  <testcase name="sortByPriceDescendantTest" time="1.031" classname="Tests.InventoryTests"/>
  <testcase name="addAndRemoveProductFromDetailTest" time="6.457" classname="Tests.ProductDetailTests"/>
  <testcase name="addProductFromDetailTest" time="1.033" classname="Tests.ProductDetailTests"/>
  <testcase name="productDetailTest" time="0.826" classname="Tests.ProductDetailTests"/>
  <testcase name="addOneProductFromInventoryTest" time="1.056" classname="Tests.ShoppingCartTests"/>
  <testcase name="emptyCartTest" time="6.055" classname="Tests.ShoppingCartTests"/>
  <testcase name="removeProductsFromCartTest" time="6.555" classname="Tests.ShoppingCartTests"/>
  <testcase name="checkoutInfoTest" time="1.167" classname="Tests.PurchaseFlowTests"/>
  <testcase name="verifySuccesfulPurchaseTest" time="1.784" classname="Tests.PurchaseFlowTests"/>
  <testcase name="verifyTotalTest" time="1.765" classname="Tests.PurchaseFlowTests"/>
</testsuite> <!-- Swag Labs Test -->
