<?xml version="1.0" encoding="UTF-8"?>
<!-- Generated by org.testng.reporters.JUnitXMLReporter -->
<testsuite hostname="Lincoln-PC" ignored="0" name="Swag Labs Test" tests="8" failures="0" timestamp="16 Jul 2021 19:56:51 GMT" time="35.116" errors="0">
  <testcase name="addAndRemoveMultipleProductFromInventoryTest" time="6.984" classname="Tests.InventoryTests"/>
  <testcase name="addAndRemoveOneProductFromInventoryTest" time="6.505" classname="Tests.InventoryTests"/>
  <testcase name="addMultipleProductsFromInventoryTest" time="1.452" classname="Tests.InventoryTests"/>
  <testcase name="addOneProductFromInventoryTest" time="0.967" classname="Tests.InventoryTests"/>
  <testcase name="inventoryTest" time="0.821" classname="Tests.InventoryTests"/>
  <testcase name="sortByAlphabeticDescendantTest" time="1.024" classname="Tests.InventoryTests"/>
  <testcase name="sortByPriceAscendantTest" time="1.147" classname="Tests.InventoryTests"/>
  <testcase name="sortByPriceDescendantTest" time="1.095" classname="Tests.InventoryTests"/>
</testsuite> <!-- Swag Labs Test -->
