<?xml version="1.0" encoding="UTF-8"?>
<!-- Generated by org.testng.reporters.JUnitXMLReporter -->
<testsuite hostname="LAPTOP-USMVG492" ignored="0" name="Login Test" tests="22" failures="0" timestamp="14 Jul 2021 18:37:44 GMT" time="119.681" errors="0">
  <testcase name="checkOutStepOneCancelPurchase" time="4.222" classname="Tests.Frontend.SauceDemoTest"/>
  <testcase name="checkOutStepOneContinue" time="4.363" classname="Tests.Frontend.SauceDemoTest"/>
  <testcase name="checkOutStepOneLastNameError" time="4.199" classname="Tests.Frontend.SauceDemoTest"/>
  <testcase name="checkOutStepOneNameError" time="3.383" classname="Tests.Frontend.SauceDemoTest"/>
  <testcase name="checkOutStepOnePostalCodeError" time="3.422" classname="Tests.Frontend.SauceDemoTest"/>
  <testcase name="checkOutStepTwoCancel" time="3.633" classname="Tests.Frontend.SauceDemoTest"/>
  <testcase name="checkoutComplete" time="3.845" classname="Tests.Frontend.SauceDemoTest"/>
  <testcase name="emptyPasswordLogin" time="1.004" classname="Tests.Frontend.SauceDemoTest"/>
  <testcase name="emptyUserLogin" time="0.775" classname="Tests.Frontend.SauceDemoTest"/>
  <testcase name="failedPasswordLogin" time="0.994" classname="Tests.Frontend.SauceDemoTest"/>
  <testcase name="failedUserLogin" time="1.051" classname="Tests.Frontend.SauceDemoTest"/>
  <testcase name="lockedLogin" time="1.049" classname="Tests.Frontend.SauceDemoTest"/>
  <testcase name="productIntoCart" time="2.651" classname="Tests.Frontend.SauceDemoTest"/>
  <testcase name="productOutCart" time="3.052" classname="Tests.Frontend.SauceDemoTest"/>
  <testcase name="resetApp" time="2.623" classname="Tests.Frontend.SauceDemoTest"/>
  <testcase name="socialMediaLinks" time="1.306" classname="Tests.Frontend.SauceDemoTest"/>
  <testcase name="sortedAtoZ" time="1.627" classname="Tests.Frontend.SauceDemoTest"/>
  <testcase name="sortedPriceHiToLo" time="1.538" classname="Tests.Frontend.SauceDemoTest"/>
  <testcase name="sortedPriceLoToHi" time="1.651" classname="Tests.Frontend.SauceDemoTest"/>
  <testcase name="sortedZtoA" time="1.757" classname="Tests.Frontend.SauceDemoTest"/>
  <testcase name="successLogin" time="1.122" classname="Tests.Frontend.SauceDemoTest"/>
  <testcase name="visualizeMenu" time="1.561" classname="Tests.Frontend.SauceDemoTest"/>
</testsuite> <!-- Login Test -->
