<?xml version="1.0" encoding="UTF-8"?>
<!-- Generated by org.testng.reporters.JUnitXMLReporter -->
<testsuite hostname="LAPTOP-USMVG492" ignored="0" name="Login Test" tests="4" failures="0" timestamp="11 jul 2021 03:38:20 GMT" time="23.736" errors="0">
  <testcase name="failedPasswordLogin" time="1.833" classname="Tests.Frontend.LoginTests"/>
  <testcase name="failedUserLogin" time="1.056" classname="Tests.Frontend.LoginTests"/>
  <testcase name="lockedLogin" time="1.023" classname="Tests.Frontend.LoginTests"/>
  <testcase name="successLogin" time="1.669" classname="Tests.Frontend.LoginTests"/>
</testsuite> <!-- Login Test -->
