<?xml version="1.0" encoding="UTF-8"?>
<testsuite xmlns:xsi="http://www.w3.org/2001/XMLSchema-instance" xsi:noNamespaceSchemaLocation="https://maven.apache.org/surefire/maven-surefire-plugin/xsd/surefire-test-report.xsd" name="TestSuite" time="26.371" tests="4" errors="0" skipped="0" failures="0">
  <properties>
[...]
</properties>
  <testcase name="failedPasswordLogin" classname="Tests.Frontend.LoginTests" time="1.762"/>
  <testcase name="failedUserLogin" classname="Tests.Frontend.LoginTests" time="1.042"/>
  <testcase name="lockedLogin" classname="Tests.Frontend.LoginTests" time="1.01"/>
  <testcase name="successLogin" classname="Tests.Frontend.LoginTests" time="1.677"/>
</testsuite>