<?xml version="1.0" encoding="UTF-8"?>
<testsuite xmlns:xsi="http://www.w3.org/2001/XMLSchema-instance" xsi:noNamespaceSchemaLocation="https://maven.apache.org/surefire/maven-surefire-plugin/xsd/surefire-test-report.xsd" name="TestSuite" time="123.754" tests="22" errors="0" skipped="0" failures="0">
  <properties>
[...]
</properties>
  <testcase name="checkOutStepOneCancelPurchase" classname="Tests.Frontend.SauceDemoTest" time="4.224"/>
  <testcase name="checkOutStepOneContinue" classname="Tests.Frontend.SauceDemoTest" time="4.331"/>
  <testcase name="checkOutStepOneLastNameError" classname="Tests.Frontend.SauceDemoTest" time="4.207"/>
  <testcase name="checkOutStepOneNameError" classname="Tests.Frontend.SauceDemoTest" time="3.342"/>
  <testcase name="checkOutStepOnePostalCodeError" classname="Tests.Frontend.SauceDemoTest" time="3.409"/>
  <testcase name="checkOutStepTwoCancel" classname="Tests.Frontend.SauceDemoTest" time="3.59"/>
  <testcase name="checkoutComplete" classname="Tests.Frontend.SauceDemoTest" time="3.817"/>
  <testcase name="emptyPasswordLogin" classname="Tests.Frontend.SauceDemoTest" time="1.012"/>
  <testcase name="emptyUserLogin" classname="Tests.Frontend.SauceDemoTest" time="0.81"/>
  <testcase name="failedPasswordLogin" classname="Tests.Frontend.SauceDemoTest" time="0.97"/>
  <testcase name="failedUserLogin" classname="Tests.Frontend.SauceDemoTest" time="1.036"/>
  <testcase name="lockedLogin" classname="Tests.Frontend.SauceDemoTest" time="1.042"/>
  <testcase name="productIntoCart" classname="Tests.Frontend.SauceDemoTest" time="2.651"/>
  <testcase name="productOutCart" classname="Tests.Frontend.SauceDemoTest" time="3.045"/>
  <testcase name="resetApp" classname="Tests.Frontend.SauceDemoTest" time="2.615"/>
  <testcase name="socialMediaLinks" classname="Tests.Frontend.SauceDemoTest" time="1.274"/>
  <testcase name="sortedAtoZ" classname="Tests.Frontend.SauceDemoTest" time="1.577"/>
  <testcase name="sortedPriceHiToLo" classname="Tests.Frontend.SauceDemoTest" time="1.538"/>
  <testcase name="sortedPriceLoToHi" classname="Tests.Frontend.SauceDemoTest" time="1.635"/>
  <testcase name="sortedZtoA" classname="Tests.Frontend.SauceDemoTest" time="1.733"/>
  <testcase name="successLogin" classname="Tests.Frontend.SauceDemoTest" time="1.106"/>
  <testcase name="visualizeMenu" classname="Tests.Frontend.SauceDemoTest" time="1.545"/>
</testsuite>