<?xml version="1.0" encoding="UTF-8"?>
<testng-results skipped="0" failed="0" ignored="0" total="23" passed="23">
  <reporter-output>
  </reporter-output>
  <suite name="Swag Labs" duration-ms="91153" started-at="2021-07-17T03:07:23Z" finished-at="2021-07-17T03:08:54Z">
    <groups>
    </groups>
    <test name="Swag Labs Test" duration-ms="91153" started-at="2021-07-17T03:07:23Z" finished-at="2021-07-17T03:08:54Z">
      <class name="Tests.InventoryTests">
        <test-method status="PASS" signature="extentSetUp()[pri:0, instance:Tests.InventoryTests@2d554825]" name="extentSetUp" is-config="true" duration-ms="1" started-at="2021-07-17T03:07:39Z" finished-at="2021-07-17T03:07:39Z">
          <reporter-output>
          </reporter-output>
        </test-method> <!-- extentSetUp -->
        <test-method status="PASS" signature="setUp()[pri:0, instance:Tests.InventoryTests@2d554825]" name="setUp" is-config="true" duration-ms="1069" started-at="2021-07-17T03:07:39Z" finished-at="2021-07-17T03:07:40Z">
          <reporter-output>
          </reporter-output>
        </test-method> <!-- setUp -->
        <test-method status="PASS" signature="addAndRemoveMultipleProductFromInventoryTest()[pri:0, instance:Tests.InventoryTests@2d554825]" name="addAndRemoveMultipleProductFromInventoryTest" duration-ms="6732" started-at="2021-07-17T03:07:40Z" finished-at="2021-07-17T03:07:47Z">
          <reporter-output>
          </reporter-output>
        </test-method> <!-- addAndRemoveMultipleProductFromInventoryTest -->
        <test-method status="PASS" signature="cleanUp(org.testng.ITestResult)[pri:0, instance:Tests.InventoryTests@2d554825]" name="cleanUp" is-config="true" duration-ms="603" started-at="2021-07-17T03:07:47Z" finished-at="2021-07-17T03:07:47Z">
          <params>
            <param index="0">
              <value>
                <![CDATA[[TestResult name=addAndRemoveMultipleProductFromInventoryTest status=SUCCESS method=InventoryTests.addAndRemoveMultipleProductFromInventoryTest()[pri:0, instance:Tests.InventoryTests@2d554825] output={null}]]]>
              </value>
            </param>
          </params>
          <reporter-output>
          </reporter-output>
        </test-method> <!-- cleanUp -->
        <test-method status="PASS" signature="setUp()[pri:0, instance:Tests.InventoryTests@2d554825]" name="setUp" is-config="true" duration-ms="1084" started-at="2021-07-17T03:07:47Z" finished-at="2021-07-17T03:07:48Z">
          <reporter-output>
          </reporter-output>
        </test-method> <!-- setUp -->
        <test-method status="PASS" signature="addAndRemoveOneProductFromInventoryTest()[pri:0, instance:Tests.InventoryTests@2d554825]" name="addAndRemoveOneProductFromInventoryTest" duration-ms="6452" started-at="2021-07-17T03:07:48Z" finished-at="2021-07-17T03:07:55Z">
          <reporter-output>
          </reporter-output>
        </test-method> <!-- addAndRemoveOneProductFromInventoryTest -->
        <test-method status="PASS" signature="cleanUp(org.testng.ITestResult)[pri:0, instance:Tests.InventoryTests@2d554825]" name="cleanUp" is-config="true" duration-ms="594" started-at="2021-07-17T03:07:55Z" finished-at="2021-07-17T03:07:55Z">
          <params>
            <param index="0">
              <value>
                <![CDATA[[TestResult name=addAndRemoveOneProductFromInventoryTest status=SUCCESS method=InventoryTests.addAndRemoveOneProductFromInventoryTest()[pri:0, instance:Tests.InventoryTests@2d554825] output={null}]]]>
              </value>
            </param>
          </params>
          <reporter-output>
          </reporter-output>
        </test-method> <!-- cleanUp -->
        <test-method status="PASS" signature="setUp()[pri:0, instance:Tests.InventoryTests@2d554825]" name="setUp" is-config="true" duration-ms="1075" started-at="2021-07-17T03:07:55Z" finished-at="2021-07-17T03:07:56Z">
          <reporter-output>
          </reporter-output>
        </test-method> <!-- setUp -->
        <test-method status="PASS" signature="addMultipleProductsFromInventoryTest()[pri:0, instance:Tests.InventoryTests@2d554825]" name="addMultipleProductsFromInventoryTest" duration-ms="1153" started-at="2021-07-17T03:07:56Z" finished-at="2021-07-17T03:07:58Z">
          <reporter-output>
          </reporter-output>
        </test-method> <!-- addMultipleProductsFromInventoryTest -->
        <test-method status="PASS" signature="cleanUp(org.testng.ITestResult)[pri:0, instance:Tests.InventoryTests@2d554825]" name="cleanUp" is-config="true" duration-ms="604" started-at="2021-07-17T03:07:58Z" finished-at="2021-07-17T03:07:58Z">
          <params>
            <param index="0">
              <value>
                <![CDATA[[TestResult name=addMultipleProductsFromInventoryTest status=SUCCESS method=InventoryTests.addMultipleProductsFromInventoryTest()[pri:0, instance:Tests.InventoryTests@2d554825] output={null}]]]>
              </value>
            </param>
          </params>
          <reporter-output>
          </reporter-output>
        </test-method> <!-- cleanUp -->
        <test-method status="PASS" signature="setUp()[pri:0, instance:Tests.InventoryTests@2d554825]" name="setUp" is-config="true" duration-ms="1144" started-at="2021-07-17T03:07:58Z" finished-at="2021-07-17T03:07:59Z">
          <reporter-output>
          </reporter-output>
        </test-method> <!-- setUp -->
        <test-method status="PASS" signature="addOneProductFromInventoryTest()[pri:0, instance:Tests.InventoryTests@2d554825]" name="addOneProductFromInventoryTest" duration-ms="968" started-at="2021-07-17T03:07:59Z" finished-at="2021-07-17T03:08:00Z">
          <reporter-output>
          </reporter-output>
        </test-method> <!-- addOneProductFromInventoryTest -->
        <test-method status="PASS" signature="cleanUp(org.testng.ITestResult)[pri:0, instance:Tests.InventoryTests@2d554825]" name="cleanUp" is-config="true" duration-ms="631" started-at="2021-07-17T03:08:00Z" finished-at="2021-07-17T03:08:01Z">
          <params>
            <param index="0">
              <value>
                <![CDATA[[TestResult name=addOneProductFromInventoryTest status=SUCCESS method=InventoryTests.addOneProductFromInventoryTest()[pri:0, instance:Tests.InventoryTests@2d554825] output={null}]]]>
              </value>
            </param>
          </params>
          <reporter-output>
          </reporter-output>
        </test-method> <!-- cleanUp -->
        <test-method status="PASS" signature="setUp()[pri:0, instance:Tests.InventoryTests@2d554825]" name="setUp" is-config="true" duration-ms="1054" started-at="2021-07-17T03:08:01Z" finished-at="2021-07-17T03:08:02Z">
          <reporter-output>
          </reporter-output>
        </test-method> <!-- setUp -->
        <test-method status="PASS" signature="inventoryTest()[pri:0, instance:Tests.InventoryTests@2d554825]" name="inventoryTest" duration-ms="810" started-at="2021-07-17T03:08:02Z" finished-at="2021-07-17T03:08:03Z">
          <reporter-output>
          </reporter-output>
        </test-method> <!-- inventoryTest -->
        <test-method status="PASS" signature="cleanUp(org.testng.ITestResult)[pri:0, instance:Tests.InventoryTests@2d554825]" name="cleanUp" is-config="true" duration-ms="604" started-at="2021-07-17T03:08:03Z" finished-at="2021-07-17T03:08:03Z">
          <params>
            <param index="0">
              <value>
                <![CDATA[[TestResult name=inventoryTest status=SUCCESS method=InventoryTests.inventoryTest()[pri:0, instance:Tests.InventoryTests@2d554825] output={null}]]]>
              </value>
            </param>
          </params>
          <reporter-output>
          </reporter-output>
        </test-method> <!-- cleanUp -->
        <test-method status="PASS" signature="setUp()[pri:0, instance:Tests.InventoryTests@2d554825]" name="setUp" is-config="true" duration-ms="1035" started-at="2021-07-17T03:08:03Z" finished-at="2021-07-17T03:08:04Z">
          <reporter-output>
          </reporter-output>
        </test-method> <!-- setUp -->
        <test-method status="PASS" signature="sortByAlphabeticDescendantTest()[pri:0, instance:Tests.InventoryTests@2d554825]" name="sortByAlphabeticDescendantTest" duration-ms="1026" started-at="2021-07-17T03:08:04Z" finished-at="2021-07-17T03:08:05Z">
          <reporter-output>
          </reporter-output>
        </test-method> <!-- sortByAlphabeticDescendantTest -->
        <test-method status="PASS" signature="cleanUp(org.testng.ITestResult)[pri:0, instance:Tests.InventoryTests@2d554825]" name="cleanUp" is-config="true" duration-ms="588" started-at="2021-07-17T03:08:05Z" finished-at="2021-07-17T03:08:06Z">
          <params>
            <param index="0">
              <value>
                <![CDATA[[TestResult name=sortByAlphabeticDescendantTest status=SUCCESS method=InventoryTests.sortByAlphabeticDescendantTest()[pri:0, instance:Tests.InventoryTests@2d554825] output={null}]]]>
              </value>
            </param>
          </params>
          <reporter-output>
          </reporter-output>
        </test-method> <!-- cleanUp -->
        <test-method status="PASS" signature="setUp()[pri:0, instance:Tests.InventoryTests@2d554825]" name="setUp" is-config="true" duration-ms="1086" started-at="2021-07-17T03:08:06Z" finished-at="2021-07-17T03:08:07Z">
          <reporter-output>
          </reporter-output>
        </test-method> <!-- setUp -->
        <test-method status="PASS" signature="sortByPriceAscendantTest()[pri:0, instance:Tests.InventoryTests@2d554825]" name="sortByPriceAscendantTest" duration-ms="1077" started-at="2021-07-17T03:08:07Z" finished-at="2021-07-17T03:08:08Z">
          <reporter-output>
          </reporter-output>
        </test-method> <!-- sortByPriceAscendantTest -->
        <test-method status="PASS" signature="cleanUp(org.testng.ITestResult)[pri:0, instance:Tests.InventoryTests@2d554825]" name="cleanUp" is-config="true" duration-ms="633" started-at="2021-07-17T03:08:08Z" finished-at="2021-07-17T03:08:09Z">
          <params>
            <param index="0">
              <value>
                <![CDATA[[TestResult name=sortByPriceAscendantTest status=SUCCESS method=InventoryTests.sortByPriceAscendantTest()[pri:0, instance:Tests.InventoryTests@2d554825] output={null}]]]>
              </value>
            </param>
          </params>
          <reporter-output>
          </reporter-output>
        </test-method> <!-- cleanUp -->
        <test-method status="PASS" signature="setUp()[pri:0, instance:Tests.InventoryTests@2d554825]" name="setUp" is-config="true" duration-ms="1237" started-at="2021-07-17T03:08:09Z" finished-at="2021-07-17T03:08:10Z">
          <reporter-output>
          </reporter-output>
        </test-method> <!-- setUp -->
        <test-method status="PASS" signature="sortByPriceDescendantTest()[pri:0, instance:Tests.InventoryTests@2d554825]" name="sortByPriceDescendantTest" duration-ms="1031" started-at="2021-07-17T03:08:10Z" finished-at="2021-07-17T03:08:11Z">
          <reporter-output>
          </reporter-output>
        </test-method> <!-- sortByPriceDescendantTest -->
        <test-method status="PASS" signature="cleanUp(org.testng.ITestResult)[pri:0, instance:Tests.InventoryTests@2d554825]" name="cleanUp" is-config="true" duration-ms="598" started-at="2021-07-17T03:08:11Z" finished-at="2021-07-17T03:08:12Z">
          <params>
            <param index="0">
              <value>
                <![CDATA[[TestResult name=sortByPriceDescendantTest status=SUCCESS method=InventoryTests.sortByPriceDescendantTest()[pri:0, instance:Tests.InventoryTests@2d554825] output={null}]]]>
              </value>
            </param>
          </params>
          <reporter-output>
          </reporter-output>
        </test-method> <!-- cleanUp -->
        <test-method status="PASS" signature="extentCleanUp()[pri:0, instance:Tests.InventoryTests@2d554825]" name="extentCleanUp" is-config="true" duration-ms="41" started-at="2021-07-17T03:08:12Z" finished-at="2021-07-17T03:08:12Z">
          <reporter-output>
          </reporter-output>
        </test-method> <!-- extentCleanUp -->
      </class> <!-- Tests.InventoryTests -->
      <class name="Tests.ShoppingCartTests">
        <test-method status="PASS" signature="setUp()[pri:0, instance:Tests.ShoppingCartTests@6be46e8f]" name="setUp" is-config="true" duration-ms="1084" started-at="2021-07-17T03:08:25Z" finished-at="2021-07-17T03:08:26Z">
          <reporter-output>
          </reporter-output>
        </test-method> <!-- setUp -->
        <test-method status="PASS" signature="extentSetUp()[pri:0, instance:Tests.ShoppingCartTests@6be46e8f]" name="extentSetUp" is-config="true" duration-ms="0" started-at="2021-07-17T03:08:25Z" finished-at="2021-07-17T03:08:25Z">
          <reporter-output>
          </reporter-output>
        </test-method> <!-- extentSetUp -->
        <test-method status="PASS" signature="addOneProductFromInventoryTest()[pri:0, instance:Tests.ShoppingCartTests@6be46e8f]" name="addOneProductFromInventoryTest" duration-ms="1056" started-at="2021-07-17T03:08:26Z" finished-at="2021-07-17T03:08:27Z">
          <reporter-output>
          </reporter-output>
        </test-method> <!-- addOneProductFromInventoryTest -->
        <test-method status="PASS" signature="cleanUp(org.testng.ITestResult)[pri:0, instance:Tests.ShoppingCartTests@6be46e8f]" name="cleanUp" is-config="true" duration-ms="591" started-at="2021-07-17T03:08:27Z" finished-at="2021-07-17T03:08:28Z">
          <params>
            <param index="0">
              <value>
                <![CDATA[[TestResult name=addOneProductFromInventoryTest status=SUCCESS method=ShoppingCartTests.addOneProductFromInventoryTest()[pri:0, instance:Tests.ShoppingCartTests@6be46e8f] output={null}]]]>
              </value>
            </param>
          </params>
          <reporter-output>
          </reporter-output>
        </test-method> <!-- cleanUp -->
        <test-method status="PASS" signature="setUp()[pri:0, instance:Tests.ShoppingCartTests@6be46e8f]" name="setUp" is-config="true" duration-ms="1047" started-at="2021-07-17T03:08:28Z" finished-at="2021-07-17T03:08:29Z">
          <reporter-output>
          </reporter-output>
        </test-method> <!-- setUp -->
        <test-method status="PASS" signature="emptyCartTest()[pri:0, instance:Tests.ShoppingCartTests@6be46e8f]" name="emptyCartTest" duration-ms="6055" started-at="2021-07-17T03:08:29Z" finished-at="2021-07-17T03:08:35Z">
          <reporter-output>
          </reporter-output>
        </test-method> <!-- emptyCartTest -->
        <test-method status="PASS" signature="cleanUp(org.testng.ITestResult)[pri:0, instance:Tests.ShoppingCartTests@6be46e8f]" name="cleanUp" is-config="true" duration-ms="639" started-at="2021-07-17T03:08:35Z" finished-at="2021-07-17T03:08:36Z">
          <params>
            <param index="0">
              <value>
                <![CDATA[[TestResult name=emptyCartTest status=SUCCESS method=ShoppingCartTests.emptyCartTest()[pri:0, instance:Tests.ShoppingCartTests@6be46e8f] output={null}]]]>
              </value>
            </param>
          </params>
          <reporter-output>
          </reporter-output>
        </test-method> <!-- cleanUp -->
        <test-method status="PASS" signature="setUp()[pri:0, instance:Tests.ShoppingCartTests@6be46e8f]" name="setUp" is-config="true" duration-ms="1069" started-at="2021-07-17T03:08:36Z" finished-at="2021-07-17T03:08:37Z">
          <reporter-output>
          </reporter-output>
        </test-method> <!-- setUp -->
        <test-method status="PASS" signature="removeProductsFromCartTest()[pri:0, instance:Tests.ShoppingCartTests@6be46e8f]" name="removeProductsFromCartTest" duration-ms="6555" started-at="2021-07-17T03:08:37Z" finished-at="2021-07-17T03:08:43Z">
          <reporter-output>
          </reporter-output>
        </test-method> <!-- removeProductsFromCartTest -->
        <test-method status="PASS" signature="cleanUp(org.testng.ITestResult)[pri:0, instance:Tests.ShoppingCartTests@6be46e8f]" name="cleanUp" is-config="true" duration-ms="625" started-at="2021-07-17T03:08:43Z" finished-at="2021-07-17T03:08:44Z">
          <params>
            <param index="0">
              <value>
                <![CDATA[[TestResult name=removeProductsFromCartTest status=SUCCESS method=ShoppingCartTests.removeProductsFromCartTest()[pri:0, instance:Tests.ShoppingCartTests@6be46e8f] output={null}]]]>
              </value>
            </param>
          </params>
          <reporter-output>
          </reporter-output>
        </test-method> <!-- cleanUp -->
        <test-method status="PASS" signature="extentCleanUp()[pri:0, instance:Tests.ShoppingCartTests@6be46e8f]" name="extentCleanUp" is-config="true" duration-ms="35" started-at="2021-07-17T03:08:44Z" finished-at="2021-07-17T03:08:44Z">
          <reporter-output>
          </reporter-output>
        </test-method> <!-- extentCleanUp -->
      </class> <!-- Tests.ShoppingCartTests -->
      <class name="Tests.ProductDetailTests">
        <test-method status="PASS" signature="extentSetUp()[pri:0, instance:Tests.ProductDetailTests@68837a77]" name="extentSetUp" is-config="true" duration-ms="1" started-at="2021-07-17T03:08:12Z" finished-at="2021-07-17T03:08:12Z">
          <reporter-output>
          </reporter-output>
        </test-method> <!-- extentSetUp -->
        <test-method status="PASS" signature="setUp()[pri:0, instance:Tests.ProductDetailTests@68837a77]" name="setUp" is-config="true" duration-ms="1076" started-at="2021-07-17T03:08:12Z" finished-at="2021-07-17T03:08:13Z">
          <reporter-output>
          </reporter-output>
        </test-method> <!-- setUp -->
        <test-method status="PASS" signature="addAndRemoveProductFromDetailTest()[pri:0, instance:Tests.ProductDetailTests@68837a77]" name="addAndRemoveProductFromDetailTest" duration-ms="6457" started-at="2021-07-17T03:08:13Z" finished-at="2021-07-17T03:08:19Z">
          <reporter-output>
          </reporter-output>
        </test-method> <!-- addAndRemoveProductFromDetailTest -->
        <test-method status="PASS" signature="cleanUp(org.testng.ITestResult)[pri:0, instance:Tests.ProductDetailTests@68837a77]" name="cleanUp" is-config="true" duration-ms="590" started-at="2021-07-17T03:08:19Z" finished-at="2021-07-17T03:08:20Z">
          <params>
            <param index="0">
              <value>
                <![CDATA[[TestResult name=addAndRemoveProductFromDetailTest status=SUCCESS method=ProductDetailTests.addAndRemoveProductFromDetailTest()[pri:0, instance:Tests.ProductDetailTests@68837a77] output={null}]]]>
              </value>
            </param>
          </params>
          <reporter-output>
          </reporter-output>
        </test-method> <!-- cleanUp -->
        <test-method status="PASS" signature="setUp()[pri:0, instance:Tests.ProductDetailTests@68837a77]" name="setUp" is-config="true" duration-ms="1085" started-at="2021-07-17T03:08:20Z" finished-at="2021-07-17T03:08:21Z">
          <reporter-output>
          </reporter-output>
        </test-method> <!-- setUp -->
        <test-method status="PASS" signature="addProductFromDetailTest()[pri:0, instance:Tests.ProductDetailTests@68837a77]" name="addProductFromDetailTest" duration-ms="1033" started-at="2021-07-17T03:08:21Z" finished-at="2021-07-17T03:08:22Z">
          <reporter-output>
          </reporter-output>
        </test-method> <!-- addProductFromDetailTest -->
        <test-method status="PASS" signature="cleanUp(org.testng.ITestResult)[pri:0, instance:Tests.ProductDetailTests@68837a77]" name="cleanUp" is-config="true" duration-ms="589" started-at="2021-07-17T03:08:22Z" finished-at="2021-07-17T03:08:23Z">
          <params>
            <param index="0">
              <value>
                <![CDATA[[TestResult name=addProductFromDetailTest status=SUCCESS method=ProductDetailTests.addProductFromDetailTest()[pri:0, instance:Tests.ProductDetailTests@68837a77] output={null}]]]>
              </value>
            </param>
          </params>
          <reporter-output>
          </reporter-output>
        </test-method> <!-- cleanUp -->
        <test-method status="PASS" signature="setUp()[pri:0, instance:Tests.ProductDetailTests@68837a77]" name="setUp" is-config="true" duration-ms="1211" started-at="2021-07-17T03:08:23Z" finished-at="2021-07-17T03:08:24Z">
          <reporter-output>
          </reporter-output>
        </test-method> <!-- setUp -->
        <test-method status="PASS" signature="productDetailTest()[pri:0, instance:Tests.ProductDetailTests@68837a77]" name="productDetailTest" duration-ms="826" started-at="2021-07-17T03:08:24Z" finished-at="2021-07-17T03:08:25Z">
          <reporter-output>
          </reporter-output>
        </test-method> <!-- productDetailTest -->
        <test-method status="PASS" signature="cleanUp(org.testng.ITestResult)[pri:0, instance:Tests.ProductDetailTests@68837a77]" name="cleanUp" is-config="true" duration-ms="638" started-at="2021-07-17T03:08:25Z" finished-at="2021-07-17T03:08:25Z">
          <params>
            <param index="0">
              <value>
                <![CDATA[[TestResult name=productDetailTest status=SUCCESS method=ProductDetailTests.productDetailTest()[pri:0, instance:Tests.ProductDetailTests@68837a77] output={null}]]]>
              </value>
            </param>
          </params>
          <reporter-output>
          </reporter-output>
        </test-method> <!-- cleanUp -->
        <test-method status="PASS" signature="extentCleanUp()[pri:0, instance:Tests.ProductDetailTests@68837a77]" name="extentCleanUp" is-config="true" duration-ms="145" started-at="2021-07-17T03:08:25Z" finished-at="2021-07-17T03:08:25Z">
          <reporter-output>
          </reporter-output>
        </test-method> <!-- extentCleanUp -->
      </class> <!-- Tests.ProductDetailTests -->
      <class name="Tests.LoginTests">
        <test-method status="PASS" signature="extentSetUp()[pri:0, instance:Tests.LoginTests@77b52d12]" name="extentSetUp" is-config="true" duration-ms="187" started-at="2021-07-17T03:07:23Z" finished-at="2021-07-17T03:07:23Z">
          <reporter-output>
          </reporter-output>
        </test-method> <!-- extentSetUp -->
        <test-method status="PASS" signature="setUp()[pri:0, instance:Tests.LoginTests@77b52d12]" name="setUp" is-config="true" duration-ms="1834" started-at="2021-07-17T03:07:23Z" finished-at="2021-07-17T03:07:25Z">
          <reporter-output>
          </reporter-output>
        </test-method> <!-- setUp -->
        <test-method status="PASS" signature="emptyPasswordTest()[pri:0, instance:Tests.LoginTests@77b52d12]" name="emptyPasswordTest" duration-ms="860" started-at="2021-07-17T03:07:25Z" finished-at="2021-07-17T03:07:26Z">
          <reporter-output>
          </reporter-output>
        </test-method> <!-- emptyPasswordTest -->
        <test-method status="PASS" signature="cleanUp(org.testng.ITestResult)[pri:0, instance:Tests.LoginTests@77b52d12]" name="cleanUp" is-config="true" duration-ms="611" started-at="2021-07-17T03:07:26Z" finished-at="2021-07-17T03:07:27Z">
          <params>
            <param index="0">
              <value>
                <![CDATA[[TestResult name=emptyPasswordTest status=SUCCESS method=LoginTests.emptyPasswordTest()[pri:0, instance:Tests.LoginTests@77b52d12] output={null}]]]>
              </value>
            </param>
          </params>
          <reporter-output>
          </reporter-output>
        </test-method> <!-- cleanUp -->
        <test-method status="PASS" signature="setUp()[pri:0, instance:Tests.LoginTests@77b52d12]" name="setUp" is-config="true" duration-ms="1090" started-at="2021-07-17T03:07:27Z" finished-at="2021-07-17T03:07:28Z">
          <reporter-output>
          </reporter-output>
        </test-method> <!-- setUp -->
        <test-method status="PASS" signature="emptyUsernameTest()[pri:0, instance:Tests.LoginTests@77b52d12]" name="emptyUsernameTest" duration-ms="829" started-at="2021-07-17T03:07:28Z" finished-at="2021-07-17T03:07:28Z">
          <reporter-output>
          </reporter-output>
        </test-method> <!-- emptyUsernameTest -->
        <test-method status="PASS" signature="cleanUp(org.testng.ITestResult)[pri:0, instance:Tests.LoginTests@77b52d12]" name="cleanUp" is-config="true" duration-ms="599" started-at="2021-07-17T03:07:28Z" finished-at="2021-07-17T03:07:29Z">
          <params>
            <param index="0">
              <value>
                <![CDATA[[TestResult name=emptyUsernameTest status=SUCCESS method=LoginTests.emptyUsernameTest()[pri:0, instance:Tests.LoginTests@77b52d12] output={null}]]]>
              </value>
            </param>
          </params>
          <reporter-output>
          </reporter-output>
        </test-method> <!-- cleanUp -->
        <test-method status="PASS" signature="setUp()[pri:0, instance:Tests.LoginTests@77b52d12]" name="setUp" is-config="true" duration-ms="1029" started-at="2021-07-17T03:07:29Z" finished-at="2021-07-17T03:07:30Z">
          <reporter-output>
          </reporter-output>
        </test-method> <!-- setUp -->
        <test-method status="PASS" signature="invalidLoginTest()[pri:0, instance:Tests.LoginTests@77b52d12]" name="invalidLoginTest" duration-ms="727" started-at="2021-07-17T03:07:30Z" finished-at="2021-07-17T03:07:31Z">
          <reporter-output>
          </reporter-output>
        </test-method> <!-- invalidLoginTest -->
        <test-method status="PASS" signature="cleanUp(org.testng.ITestResult)[pri:0, instance:Tests.LoginTests@77b52d12]" name="cleanUp" is-config="true" duration-ms="606" started-at="2021-07-17T03:07:31Z" finished-at="2021-07-17T03:07:31Z">
          <params>
            <param index="0">
              <value>
                <![CDATA[[TestResult name=invalidLoginTest status=SUCCESS method=LoginTests.invalidLoginTest()[pri:0, instance:Tests.LoginTests@77b52d12] output={null}]]]>
              </value>
            </param>
          </params>
          <reporter-output>
          </reporter-output>
        </test-method> <!-- cleanUp -->
        <test-method status="PASS" signature="setUp()[pri:0, instance:Tests.LoginTests@77b52d12]" name="setUp" is-config="true" duration-ms="1079" started-at="2021-07-17T03:07:31Z" finished-at="2021-07-17T03:07:32Z">
          <reporter-output>
          </reporter-output>
        </test-method> <!-- setUp -->
        <test-method status="PASS" signature="validLoginTest()[pri:0, instance:Tests.LoginTests@77b52d12]" name="validLoginTest" duration-ms="717" started-at="2021-07-17T03:07:32Z" finished-at="2021-07-17T03:07:33Z">
          <reporter-output>
          </reporter-output>
        </test-method> <!-- validLoginTest -->
        <test-method status="PASS" signature="cleanUp(org.testng.ITestResult)[pri:0, instance:Tests.LoginTests@77b52d12]" name="cleanUp" is-config="true" duration-ms="606" started-at="2021-07-17T03:07:33Z" finished-at="2021-07-17T03:07:34Z">
          <params>
            <param index="0">
              <value>
                <![CDATA[[TestResult name=validLoginTest status=SUCCESS method=LoginTests.validLoginTest()[pri:0, instance:Tests.LoginTests@77b52d12] output={null}]]]>
              </value>
            </param>
          </params>
          <reporter-output>
          </reporter-output>
        </test-method> <!-- cleanUp -->
        <test-method status="PASS" signature="setUp()[pri:0, instance:Tests.LoginTests@77b52d12]" name="setUp" is-config="true" duration-ms="1104" started-at="2021-07-17T03:07:34Z" finished-at="2021-07-17T03:07:35Z">
          <reporter-output>
          </reporter-output>
        </test-method> <!-- setUp -->
        <test-method status="PASS" signature="wrongPasswordTest()[pri:0, instance:Tests.LoginTests@77b52d12]" name="wrongPasswordTest" duration-ms="683" started-at="2021-07-17T03:07:35Z" finished-at="2021-07-17T03:07:36Z">
          <reporter-output>
          </reporter-output>
        </test-method> <!-- wrongPasswordTest -->
        <test-method status="PASS" signature="cleanUp(org.testng.ITestResult)[pri:0, instance:Tests.LoginTests@77b52d12]" name="cleanUp" is-config="true" duration-ms="589" started-at="2021-07-17T03:07:36Z" finished-at="2021-07-17T03:07:36Z">
          <params>
            <param index="0">
              <value>
                <![CDATA[[TestResult name=wrongPasswordTest status=SUCCESS method=LoginTests.wrongPasswordTest()[pri:0, instance:Tests.LoginTests@77b52d12] output={null}]]]>
              </value>
            </param>
          </params>
          <reporter-output>
          </reporter-output>
        </test-method> <!-- cleanUp -->
        <test-method status="PASS" signature="setUp()[pri:0, instance:Tests.LoginTests@77b52d12]" name="setUp" is-config="true" duration-ms="1069" started-at="2021-07-17T03:07:36Z" finished-at="2021-07-17T03:07:37Z">
          <reporter-output>
          </reporter-output>
        </test-method> <!-- setUp -->
        <test-method status="PASS" signature="wrongUsernameTest()[pri:0, instance:Tests.LoginTests@77b52d12]" name="wrongUsernameTest" duration-ms="638" started-at="2021-07-17T03:07:37Z" finished-at="2021-07-17T03:07:38Z">
          <reporter-output>
          </reporter-output>
        </test-method> <!-- wrongUsernameTest -->
        <test-method status="PASS" signature="cleanUp(org.testng.ITestResult)[pri:0, instance:Tests.LoginTests@77b52d12]" name="cleanUp" is-config="true" duration-ms="627" started-at="2021-07-17T03:07:38Z" finished-at="2021-07-17T03:07:39Z">
          <params>
            <param index="0">
              <value>
                <![CDATA[[TestResult name=wrongUsernameTest status=SUCCESS method=LoginTests.wrongUsernameTest()[pri:0, instance:Tests.LoginTests@77b52d12] output={null}]]]>
              </value>
            </param>
          </params>
          <reporter-output>
          </reporter-output>
        </test-method> <!-- cleanUp -->
        <test-method status="PASS" signature="extentCleanUp()[pri:0, instance:Tests.LoginTests@77b52d12]" name="extentCleanUp" is-config="true" duration-ms="247" started-at="2021-07-17T03:07:39Z" finished-at="2021-07-17T03:07:39Z">
          <reporter-output>
          </reporter-output>
        </test-method> <!-- extentCleanUp -->
      </class> <!-- Tests.LoginTests -->
      <class name="Tests.PurchaseFlowTests">
        <test-method status="PASS" signature="extentSetUp()[pri:0, instance:Tests.PurchaseFlowTests@3567135c]" name="extentSetUp" is-config="true" duration-ms="2" started-at="2021-07-17T03:08:44Z" finished-at="2021-07-17T03:08:44Z">
          <reporter-output>
          </reporter-output>
        </test-method> <!-- extentSetUp -->
        <test-method status="PASS" signature="setUp()[pri:0, instance:Tests.PurchaseFlowTests@3567135c]" name="setUp" is-config="true" duration-ms="1157" started-at="2021-07-17T03:08:44Z" finished-at="2021-07-17T03:08:45Z">
          <reporter-output>
          </reporter-output>
        </test-method> <!-- setUp -->
        <test-method status="PASS" signature="checkoutInfoTest()[pri:0, instance:Tests.PurchaseFlowTests@3567135c]" name="checkoutInfoTest" duration-ms="1167" started-at="2021-07-17T03:08:45Z" finished-at="2021-07-17T03:08:46Z">
          <reporter-output>
          </reporter-output>
        </test-method> <!-- checkoutInfoTest -->
        <test-method status="PASS" signature="cleanUp(org.testng.ITestResult)[pri:0, instance:Tests.PurchaseFlowTests@3567135c]" name="cleanUp" is-config="true" duration-ms="592" started-at="2021-07-17T03:08:46Z" finished-at="2021-07-17T03:08:47Z">
          <params>
            <param index="0">
              <value>
                <![CDATA[[TestResult name=checkoutInfoTest status=SUCCESS method=PurchaseFlowTests.checkoutInfoTest()[pri:0, instance:Tests.PurchaseFlowTests@3567135c] output={null}]]]>
              </value>
            </param>
          </params>
          <reporter-output>
          </reporter-output>
        </test-method> <!-- cleanUp -->
        <test-method status="PASS" signature="setUp()[pri:0, instance:Tests.PurchaseFlowTests@3567135c]" name="setUp" is-config="true" duration-ms="1074" started-at="2021-07-17T03:08:47Z" finished-at="2021-07-17T03:08:48Z">
          <reporter-output>
          </reporter-output>
        </test-method> <!-- setUp -->
        <test-method status="PASS" signature="verifySuccesfulPurchaseTest()[pri:0, instance:Tests.PurchaseFlowTests@3567135c]" name="verifySuccesfulPurchaseTest" duration-ms="1784" started-at="2021-07-17T03:08:48Z" finished-at="2021-07-17T03:08:50Z">
          <reporter-output>
          </reporter-output>
        </test-method> <!-- verifySuccesfulPurchaseTest -->
        <test-method status="PASS" signature="cleanUp(org.testng.ITestResult)[pri:0, instance:Tests.PurchaseFlowTests@3567135c]" name="cleanUp" is-config="true" duration-ms="626" started-at="2021-07-17T03:08:50Z" finished-at="2021-07-17T03:08:51Z">
          <params>
            <param index="0">
              <value>
                <![CDATA[[TestResult name=verifySuccesfulPurchaseTest status=SUCCESS method=PurchaseFlowTests.verifySuccesfulPurchaseTest()[pri:0, instance:Tests.PurchaseFlowTests@3567135c] output={null}]]]>
              </value>
            </param>
          </params>
          <reporter-output>
          </reporter-output>
        </test-method> <!-- cleanUp -->
        <test-method status="PASS" signature="setUp()[pri:0, instance:Tests.PurchaseFlowTests@3567135c]" name="setUp" is-config="true" duration-ms="1182" started-at="2021-07-17T03:08:51Z" finished-at="2021-07-17T03:08:52Z">
          <reporter-output>
          </reporter-output>
        </test-method> <!-- setUp -->
        <test-method status="PASS" signature="verifyTotalTest()[pri:0, instance:Tests.PurchaseFlowTests@3567135c]" name="verifyTotalTest" duration-ms="1765" started-at="2021-07-17T03:08:52Z" finished-at="2021-07-17T03:08:53Z">
          <reporter-output>
          </reporter-output>
        </test-method> <!-- verifyTotalTest -->
        <test-method status="PASS" signature="cleanUp(org.testng.ITestResult)[pri:0, instance:Tests.PurchaseFlowTests@3567135c]" name="cleanUp" is-config="true" duration-ms="669" started-at="2021-07-17T03:08:53Z" finished-at="2021-07-17T03:08:54Z">
          <params>
            <param index="0">
              <value>
                <![CDATA[[TestResult name=verifyTotalTest status=SUCCESS method=PurchaseFlowTests.verifyTotalTest()[pri:0, instance:Tests.PurchaseFlowTests@3567135c] output={null}]]]>
              </value>
            </param>
          </params>
          <reporter-output>
          </reporter-output>
        </test-method> <!-- cleanUp -->
        <test-method status="PASS" signature="extentCleanUp()[pri:0, instance:Tests.PurchaseFlowTests@3567135c]" name="extentCleanUp" is-config="true" duration-ms="26" started-at="2021-07-17T03:08:54Z" finished-at="2021-07-17T03:08:54Z">
          <reporter-output>
          </reporter-output>
        </test-method> <!-- extentCleanUp -->
      </class> <!-- Tests.PurchaseFlowTests -->
    </test> <!-- Swag Labs Test -->
  </suite> <!-- Swag Labs -->
</testng-results>
